<?xml version="1.0" encoding="UTF-8" standalone="no"?>
<!DOCTYPE log SYSTEM "logger.dtd">
<log>
<record>
  <date>2019-05-08T13:31:05</date>
  <millis>1557340265625</millis>
  <sequence>0</sequence>
  <level>START</level>
  <class>com.kms.katalon.core.logging.XmlKeywordLogger</class>
  <method>startSuite</method>
  <thread>1</thread>
  <message>Start Test Suite : Test Suites/PersonGroupManagement - Sprints/V1/Client/Client</message>
  <nestedLevel>0</nestedLevel>
  <property name="name">Client</property>
  <property name="description">This is ths test suite for all of our client test cases.</property>
  <property name="id">Test Suites/PersonGroupManagement - Sprints/V1/Client/Client</property>
</record>
<record>
  <date>2019-05-08T13:31:05</date>
  <millis>1557340265639</millis>
  <sequence>1</sequence>
  <level>RUN_DATA</level>
  <class>com.kms.katalon.core.logging.XmlKeywordLogger</class>
  <method>logMessage</method>
  <thread>1</thread>
  <message>hostName = anthonyanderson - 10.12.0.161</message>
  <nestedLevel>0</nestedLevel>
  <property name="hostName">anthonyanderson - 10.12.0.161</property>
</record>
<record>
  <date>2019-05-08T13:31:05</date>
  <millis>1557340265639</millis>
  <sequence>2</sequence>
  <level>RUN_DATA</level>
  <class>com.kms.katalon.core.logging.XmlKeywordLogger</class>
  <method>logMessage</method>
  <thread>1</thread>
  <message>os = Mac OS X 64bit</message>
  <nestedLevel>0</nestedLevel>
  <property name="os">Mac OS X 64bit</property>
</record>
<record>
  <date>2019-05-08T13:31:05</date>
  <millis>1557340265640</millis>
  <sequence>3</sequence>
  <level>RUN_DATA</level>
  <class>com.kms.katalon.core.logging.XmlKeywordLogger</class>
  <method>logMessage</method>
  <thread>1</thread>
  <message>hostAddress = 10.12.0.161</message>
  <nestedLevel>0</nestedLevel>
  <property name="hostAddress">10.12.0.161</property>
</record>
<record>
  <date>2019-05-08T13:31:05</date>
  <millis>1557340265641</millis>
  <sequence>4</sequence>
  <level>RUN_DATA</level>
  <class>com.kms.katalon.core.logging.XmlKeywordLogger</class>
  <method>logMessage</method>
  <thread>1</thread>
  <message>katalonVersion = 6.1.0.1</message>
  <nestedLevel>0</nestedLevel>
  <property name="katalonVersion">6.1.0.1</property>
</record>
<record>
  <date>2019-05-08T13:31:05</date>
  <millis>1557340265785</millis>
  <sequence>5</sequence>
  <level>START</level>
  <class>com.kms.katalon.core.logging.XmlKeywordLogger</class>
  <method>startTest</method>
  <thread>1</thread>
  <message>Start Test Case : Test Cases/PersonGroupManagement - Sprints/V1/Client/CreateClient</message>
  <nestedLevel>1</nestedLevel>
  <property name="name">Test Cases/PersonGroupManagement - Sprints/V1/Client/CreateClient</property>
  <property name="description">This test case creates a client with the CreateClient POST request, verifies that the client was created with a 201 verification, and also verifies that the legalClientName, clientName, and primaryContactEmail data appears in the response.</property>
  <property name="id">Test Cases/PersonGroupManagement - Sprints/V1/Client/CreateClient</property>
  <property name="source">\\Users\\anthonyanderson\\BenAdminAutomation\\BenAdminAutomation\\Test Cases\\PersonGroupManagement - Sprints\\V1\\Client\\CreateClient.tc</property>
  <property name="isOptional">false</property>
</record>
<record>
  <date>2019-05-08T13:31:05</date>
  <millis>1557340265801</millis>
  <sequence>7</sequence>
  <level>INFO</level>
  <class>com.kms.katalon.core.logging.XmlKeywordLogger</class>
  <method>logMessage</method>
  <thread>1</thread>
  <message>legalClientName = Jamie</message>
  <nestedLevel>1</nestedLevel>
</record>
<record>
  <date>2019-05-08T13:31:05</date>
  <millis>1557340265801</millis>
  <sequence>8</sequence>
  <level>INFO</level>
  <class>com.kms.katalon.core.logging.XmlKeywordLogger</class>
  <method>logMessage</method>
  <thread>1</thread>
  <message>clientName = Williams</message>
  <nestedLevel>1</nestedLevel>
</record>
<record>
  <date>2019-05-08T13:31:05</date>
  <millis>1557340265802</millis>
  <sequence>9</sequence>
  <level>INFO</level>
  <class>com.kms.katalon.core.logging.XmlKeywordLogger</class>
  <method>logMessage</method>
  <thread>1</thread>
  <message>primaryContactEmail = jwillamstest@test.com</message>
  <nestedLevel>1</nestedLevel>
</record>
<record>
  <date>2019-05-08T13:31:05</date>
  <millis>1557340265988</millis>
  <sequence>10</sequence>
  <level>START</level>
  <class>com.kms.katalon.core.logging.XmlKeywordLogger</class>
  <method>startKeyword</method>
  <thread>1</thread>
  <message>Start action : response = sendRequest(findTestObject(\&amp;quot;PersonGroupManagement - Sprints/V1/Client/CreateClient\&amp;quot;, [\&amp;quot;legalClientName\&amp;quot;:legalClientName, \&amp;quot;clientName\&amp;quot;:clientName, \&amp;quot;primaryContactEmail\&amp;quot;:primaryContactEmail]))</message>
  <nestedLevel>1</nestedLevel>
  <property name="startLine">16</property>
  <property name="stepIndex">1</property>
</record>
<record>
  <date>2019-05-08T13:31:17</date>
  <millis>1557340277628</millis>
  <sequence>14</sequence>
  <level>INFO</level>
  <class>com.kms.katalon.core.logging.XmlKeywordLogger</class>
  <method>logMessage</method>
  <thread>1</thread>
  <message>HAR: /Users/anthonyanderson/BenAdminAutomation/BenAdminAutomation/Reports/PersonGroupManagement - Sprints/V1/Client/Client/20190508_133054/requests/main/0.har</message>
  <nestedLevel>1</nestedLevel>
  <property name="harId">9eacbdd1-593b-4c50-8b99-d86a3215a3b2</property>
</record>
<record>
  <date>2019-05-08T13:31:17</date>
  <millis>1557340277700</millis>
  <sequence>15</sequence>
  <level>PASSED</level>
  <class>com.kms.katalon.core.logging.XmlKeywordLogger</class>
  <method>logMessage</method>
  <thread>1</thread>
  <message>Send request successfully</message>
  <nestedLevel>1</nestedLevel>
</record>
<record>
  <date>2019-05-08T13:31:17</date>
  <millis>1557340277701</millis>
  <sequence>16</sequence>
  <level>END</level>
  <class>com.kms.katalon.core.logging.XmlKeywordLogger</class>
  <method>endKeyword</method>
  <thread>1</thread>
  <message>End action : response = sendRequest(findTestObject(\&amp;quot;PersonGroupManagement - Sprints/V1/Client/CreateClient\&amp;quot;, [\&amp;quot;legalClientName\&amp;quot;:legalClientName, \&amp;quot;clientName\&amp;quot;:clientName, \&amp;quot;primaryContactEmail\&amp;quot;:primaryContactEmail]))</message>
  <nestedLevel>1</nestedLevel>
</record>
<record>
  <date>2019-05-08T13:31:17</date>
  <millis>1557340277701</millis>
  <sequence>17</sequence>
  <level>START</level>
  <class>com.kms.katalon.core.logging.XmlKeywordLogger</class>
  <method>startKeyword</method>
  <thread>1</thread>
  <message>Start action : verifyElementPropertyValue(response, \&amp;quot;legalClientName\&amp;quot;, legalClientName)</message>
  <nestedLevel>1</nestedLevel>
  <property name="startLine">19</property>
  <property name="stepIndex">2</property>
</record>
<record>
  <date>2019-05-08T13:31:17</date>
  <millis>1557340277733</millis>
  <sequence>19</sequence>
  <level>PASSED</level>
  <class>com.kms.katalon.core.logging.XmlKeywordLogger</class>
  <method>logMessage</method>
  <thread>1</thread>
  <message>Verify element property value successfully</message>
  <nestedLevel>1</nestedLevel>
</record>
<record>
  <date>2019-05-08T13:31:17</date>
  <millis>1557340277733</millis>
  <sequence>20</sequence>
  <level>END</level>
  <class>com.kms.katalon.core.logging.XmlKeywordLogger</class>
  <method>endKeyword</method>
  <thread>1</thread>
  <message>End action : verifyElementPropertyValue(response, \&amp;quot;legalClientName\&amp;quot;, legalClientName)</message>
  <nestedLevel>1</nestedLevel>
</record>
<record>
  <date>2019-05-08T13:31:17</date>
  <millis>1557340277734</millis>
  <sequence>21</sequence>
  <level>START</level>
  <class>com.kms.katalon.core.logging.XmlKeywordLogger</class>
  <method>startKeyword</method>
  <thread>1</thread>
  <message>Start action : verifyElementPropertyValue(response, \&amp;quot;clientName\&amp;quot;, clientName)</message>
  <nestedLevel>1</nestedLevel>
  <property name="startLine">20</property>
  <property name="stepIndex">3</property>
</record>
<record>
  <date>2019-05-08T13:31:17</date>
  <millis>1557340277743</millis>
  <sequence>23</sequence>
  <level>PASSED</level>
  <class>com.kms.katalon.core.logging.XmlKeywordLogger</class>
  <method>logMessage</method>
  <thread>1</thread>
  <message>Verify element property value successfully</message>
  <nestedLevel>1</nestedLevel>
</record>
<record>
  <date>2019-05-08T13:31:17</date>
  <millis>1557340277744</millis>
  <sequence>24</sequence>
  <level>END</level>
  <class>com.kms.katalon.core.logging.XmlKeywordLogger</class>
  <method>endKeyword</method>
  <thread>1</thread>
  <message>End action : verifyElementPropertyValue(response, \&amp;quot;clientName\&amp;quot;, clientName)</message>
  <nestedLevel>1</nestedLevel>
</record>
<record>
  <date>2019-05-08T13:31:17</date>
  <millis>1557340277744</millis>
  <sequence>25</sequence>
  <level>START</level>
  <class>com.kms.katalon.core.logging.XmlKeywordLogger</class>
  <method>startKeyword</method>
  <thread>1</thread>
  <message>Start action : verifyElementPropertyValue(response, \&amp;quot;primaryContactEmail\&amp;quot;, primaryContactEmail)</message>
  <nestedLevel>1</nestedLevel>
  <property name="startLine">21</property>
  <property name="stepIndex">4</property>
</record>
<record>
  <date>2019-05-08T13:31:17</date>
  <millis>1557340277753</millis>
  <sequence>27</sequence>
  <level>PASSED</level>
  <class>com.kms.katalon.core.logging.XmlKeywordLogger</class>
  <method>logMessage</method>
  <thread>1</thread>
  <message>Verify element property value successfully</message>
  <nestedLevel>1</nestedLevel>
</record>
<record>
  <date>2019-05-08T13:31:17</date>
  <millis>1557340277753</millis>
  <sequence>28</sequence>
  <level>END</level>
  <class>com.kms.katalon.core.logging.XmlKeywordLogger</class>
  <method>endKeyword</method>
  <thread>1</thread>
  <message>End action : verifyElementPropertyValue(response, \&amp;quot;primaryContactEmail\&amp;quot;, primaryContactEmail)</message>
  <nestedLevel>1</nestedLevel>
</record>
<record>
  <date>2019-05-08T13:31:17</date>
  <millis>1557340277753</millis>
  <sequence>29</sequence>
  <level>START</level>
  <class>com.kms.katalon.core.logging.XmlKeywordLogger</class>
  <method>startKeyword</method>
  <thread>1</thread>
  <message>Start action : verifyResponseStatusCode(response, 201)</message>
  <nestedLevel>1</nestedLevel>
  <property name="startLine">24</property>
  <property name="stepIndex">5</property>
</record>
<record>
  <date>2019-05-08T13:31:17</date>
  <millis>1557340277759</millis>
  <sequence>31</sequence>
  <level>PASSED</level>
  <class>com.kms.katalon.core.logging.XmlKeywordLogger</class>
  <method>logMessage</method>
  <thread>1</thread>
  <message>Verify response status code successfully</message>
  <nestedLevel>1</nestedLevel>
</record>
<record>
  <date>2019-05-08T13:31:17</date>
  <millis>1557340277760</millis>
  <sequence>32</sequence>
  <level>END</level>
  <class>com.kms.katalon.core.logging.XmlKeywordLogger</class>
  <method>endKeyword</method>
  <thread>1</thread>
  <message>End action : verifyResponseStatusCode(response, 201)</message>
  <nestedLevel>1</nestedLevel>
</record>
<record>
  <date>2019-05-08T13:31:17</date>
  <millis>1557340277760</millis>
  <sequence>33</sequence>
  <level>PASSED</level>
  <class>com.kms.katalon.core.logging.XmlKeywordLogger</class>
  <method>logMessage</method>
  <thread>1</thread>
  <message>Test Cases/PersonGroupManagement - Sprints/V1/Client/CreateClient</message>
  <nestedLevel>1</nestedLevel>
</record>
<record>
  <date>2019-05-08T13:31:17</date>
  <millis>1557340277760</millis>
  <sequence>34</sequence>
  <level>END</level>
  <class>com.kms.katalon.core.logging.XmlKeywordLogger</class>
  <method>endTest</method>
  <thread>1</thread>
  <message>End Test Case : Test Cases/PersonGroupManagement - Sprints/V1/Client/CreateClient</message>
  <nestedLevel>0</nestedLevel>
</record>
<record>
  <date>2019-05-08T13:31:17</date>
  <millis>1557340277789</millis>
  <sequence>35</sequence>
  <level>END</level>
  <class>com.kms.katalon.core.logging.XmlKeywordLogger</class>
  <method>endSuite</method>
  <thread>1</thread>
  <message>End Test Suite : Test Suites/PersonGroupManagement - Sprints/V1/Client/Client</message>
  <nestedLevel>0</nestedLevel>
</record>
</log>
